<?xml version="1.0" encoding="UTF-8"?>
<!-- Generated by org.testng.reporters.JUnitReportReporter -->
<testsuite hostname="dvtest" name="com.TestTechnology.TestApp" tests="4" failures="0" timestamp="9 Aug 2019 11:39:39 GMT" time="6.584" errors="0">
  <testcase name="loginPage" time="0.572" classname="com.TestTechnology.TestApp"/>
  <testcase name="logoutPage" time="0.345" classname="com.TestTechnology.TestApp"/>
  <testcase name="verifyBook" time="5.624" classname="com.TestTechnology.TestApp"/>
  <testcase name="verifyloginUser" time="0.043" classname="com.TestTechnology.TestApp"/>
</testsuite> <!-- com.TestTechnology.TestApp -->
